<?xml version="1.0" encoding="UTF-8"?>
<!-- Generated by org.testng.reporters.JUnitXMLReporter -->
<testsuite ignored="0" hostname="DESKTOP-51JTP5G" failures="1" tests="1" name="enrollCourse" time="93.856" errors="0" timestamp="2021-09-13T18:16:38 IST">
  <testcase classname="userTests.UserCourseEnrollTest" name="enrollToCourse" time="84.962">
    <failure type="java.lang.AssertionError" message="expected [true] but found [false]">
      <![CDATA[java.lang.AssertionError: expected [true] but found [false]
at userTests.UserCourseEnrollTest.enrollToCourse(UserCourseEnrollTest.java:68)
at java.base/java.util.ArrayList.forEach(ArrayList.java:1511)
at java.base/java.util.concurrent.FutureTask.run(FutureTask.java:264)
at java.base/java.util.concurrent.ThreadPoolExecutor.runWorker(ThreadPoolExecutor.java:1130)
at java.base/java.util.concurrent.ThreadPoolExecutor$Worker.run(ThreadPoolExecutor.java:630)
at java.base/java.lang.Thread.run(Thread.java:831)
... Removed 22 stack frames]]>
    </failure>
  </testcase> <!-- enrollToCourse -->
</testsuite> <!-- enrollCourse -->
